<?xml version="1.0" encoding="UTF-8"?>
<!-- Generated by org.testng.reporters.JUnitReportReporter -->
<testsuite hostname="cassinisaturn" failures="0" tests="2" name="tests.CareersPageTest" time="31.946" errors="0" timestamp="2025-02-03T16:25:08 TRT" skipped="0">
  <testcase classname="tests.CareersPageTest" name="verifyCareerPageBlocks" time="15.991"/>
  <system-out/>
  <testcase classname="tests.CareersPageTest" name="verifyCareersPageIsOpened" time="15.955"/>
  <system-out/>
</testsuite> <!-- tests.CareersPageTest -->
