<?xml version="1.0" encoding="UTF-8"?>
<!-- Generated by org.testng.reporters.JUnitReportReporter -->
<testsuite hostname="cassinisaturn" failures="0" tests="1" name="tests.HomePageTest" time="12.436" errors="0" timestamp="2025-02-03T16:25:08 TRT" skipped="0">
  <testcase classname="tests.HomePageTest" name="verifyHomePageIsOpened" time="12.436"/>
  <system-out/>
</testsuite> <!-- tests.HomePageTest -->
