<?xml version="1.0" encoding="UTF-8"?>
<!-- Generated by org.testng.reporters.JUnitReportReporter -->
<testsuite hostname="cassinisaturn" failures="0" tests="1" name="tests.JobFilteringTest" time="35.260" errors="0" timestamp="2025-02-03T16:25:08 TRT" skipped="0">
  <testcase classname="tests.JobFilteringTest" name="verifyQAJobsFilter" time="35.260"/>
  <system-out/>
</testsuite> <!-- tests.JobFilteringTest -->
